<?xml version="1.0" encoding="UTF-8"?>
<!-- Generated by org.testng.reporters.JUnitReportReporter -->
<testsuite hostname="GABILAN-QA11L" failures="0" tests="2" name="com.instagram.qa.PageTest.ReelsPageTest" time="7.143" errors="0" timestamp="2023-06-14T15:20:59 IST" skipped="0">
  <testcase classname="com.instagram.qa.PageTest.ReelsPageTest" name="verifyLikeFirstReel" time="6.762"/>
  <system-out/>
  <testcase classname="com.instagram.qa.PageTest.ReelsPageTest" name="VerifytheScroolReels" time="0.381"/>
  <system-out/>
</testsuite> <!-- com.instagram.qa.PageTest.ReelsPageTest -->
