<?xml version="1.0" encoding="UTF-8"?>
<!-- Generated by org.testng.reporters.JUnitReportReporter -->
<<<<<<< HEAD
<testsuite hostname="LAPTOP-3N0HLSP8" failures="0" tests="5" name="com.instagram.qa.PageTest.LoginPageTest" time="9.822" errors="0" timestamp="2023-06-14T18:54:55 IST" skipped="1">
  <testcase classname="com.instagram.qa.PageTest.LoginPageTest" name="verifyLoginPageTitleAndLogo" time="0.437"/>
=======
<testsuite hostname="GABILAN-QA11L" failures="0" tests="5" name="com.instagram.qa.PageTest.LoginPageTest" time="12.477" errors="0" timestamp="2023-06-14T17:44:35 IST" skipped="1">
  <testcase classname="com.instagram.qa.PageTest.LoginPageTest" name="verifyLoginPageTitleAndLogo" time="0.501"/>
>>>>>>> 3de923bd10d21718c19f0c3561acddb82ab088ae
  <system-out/>
  <testcase classname="com.instagram.qa.PageTest.LoginPageTest" name="verifyLoginPageGooglePlayLink" time="0.153"/>
  <system-out/>
<<<<<<< HEAD
  <testcase classname="com.instagram.qa.PageTest.LoginPageTest" name="verifyLoginPageMicrosoftLink" time="0.136"/>
  <system-out/>
  <testcase classname="com.instagram.qa.PageTest.LoginPageTest" name="verifyLoginAppWithValiedCredentials" time="9.096"/>
=======
  <testcase classname="com.instagram.qa.PageTest.LoginPageTest" name="verifyLoginPageMicrosoftLink" time="0.066"/>
  <system-out/>
  <testcase classname="com.instagram.qa.PageTest.LoginPageTest" name="verifyLoginAppWithValiedCredentials" time="11.822"/>
>>>>>>> 3de923bd10d21718c19f0c3561acddb82ab088ae
  <system-out/>
  <testcase classname="com.instagram.qa.PageTest.LoginPageTest" name="loginWithDifferentCrd">
    <skipped/>
  </testcase> <!-- loginWithDifferentCrd -->
  <system-out/>
</testsuite> <!-- com.instagram.qa.PageTest.LoginPageTest -->
