<?xml version="1.0" encoding="UTF-8"?>
<!-- Generated by org.testng.reporters.JUnitReportReporter -->
<testsuite hostname="GABILAN-QA11L" failures="0" tests="2" name="com.instagram.qa.PageTest.CreatPageTest" time="8.157" errors="0" timestamp="2023-05-19T11:18:10 IST" skipped="0">
  <testcase classname="com.instagram.qa.PageTest.CreatPageTest" name="verifyCreatPageLabel" time="0.470"/>
  <system-out/>
  <testcase classname="com.instagram.qa.PageTest.CreatPageTest" name="verifyfileUploadInstagaram" time="7.687"/>
  <system-out/>
</testsuite> <!-- com.instagram.qa.PageTest.CreatPageTest -->
