<?xml version="1.0" encoding="UTF-8"?>
<!-- Generated by org.testng.reporters.JUnitReportReporter -->
<testsuite hostname="LAPTOP-3N0HLSP8" failures="0" tests="5" name="com.instagram.qa.PageTest.HomePageTest" time="18.368" errors="0" timestamp="2023-05-26T10:28:04 IST" skipped="0">
  <testcase classname="com.instagram.qa.PageTest.HomePageTest" name="verifyHomePageTitleAndLogo" time="0.369"/>
  <system-out/>
  <testcase classname="com.instagram.qa.PageTest.HomePageTest" name="verifyUserName" time="0.247"/>
  <system-out/>
  <testcase classname="com.instagram.qa.PageTest.HomePageTest" name="verifyHomePagefirstPostLikeBtn" time="0.337"/>
  <system-out/>
  <testcase classname="com.instagram.qa.PageTest.HomePageTest" name="verifyScrollAndLikePost" time="12.615"/>
  <system-out/>
  <testcase classname="com.instagram.qa.PageTest.HomePageTest" name="verifyLogoutButtonTest" time="4.800"/>
  <system-out/>
</testsuite> <!-- com.instagram.qa.PageTest.HomePageTest -->
