<?xml version="1.0" encoding="UTF-8"?>
<!-- Generated by org.testng.reporters.JUnitReportReporter -->
<testsuite hostname="LAPTOP-3N0HLSP8" failures="0" tests="2" name="com.instagram.qa.PageTest.CreatPageTest" time="11.637" errors="0" timestamp="2023-06-16T06:48:54 IST" skipped="0">
  <testcase classname="com.instagram.qa.PageTest.CreatPageTest" name="verifyCreatPageLabel" time="0.633"/>
  <system-out/>
  <testcase classname="com.instagram.qa.PageTest.CreatPageTest" name="verifyfileUploadInstagaram" time="11.004"/>
  <system-out/>
</testsuite> <!-- com.instagram.qa.PageTest.CreatPageTest -->
