<?xml version="1.0" encoding="UTF-8"?>
<!-- Generated by org.testng.reporters.JUnitReportReporter -->
<testsuite hostname="LAPTOP-3N0HLSP8" failures="0" tests="5" name="com.instagram.qa.PageTest.HomePageTest" time="15.560" errors="0" timestamp="2023-06-16T06:48:54 IST" skipped="0">
  <testcase classname="com.instagram.qa.PageTest.HomePageTest" name="verifyHomePageTitleAndLogo" time="0.068"/>
  <system-out/>
  <testcase classname="com.instagram.qa.PageTest.HomePageTest" name="verifyUserName" time="0.059"/>
  <system-out/>
  <testcase classname="com.instagram.qa.PageTest.HomePageTest" name="verifyHomePagefirstPostLikeBtn" time="2.645"/>
  <system-out/>
  <testcase classname="com.instagram.qa.PageTest.HomePageTest" name="verifyScrollAndLikePost" time="7.908"/>
  <system-out/>
  <testcase classname="com.instagram.qa.PageTest.HomePageTest" name="verifyLogoutButtonTest" time="4.880"/>
  <system-out/>
</testsuite> <!-- com.instagram.qa.PageTest.HomePageTest -->
