<?xml version="1.0" encoding="UTF-8"?>
<!-- Generated by org.testng.reporters.JUnitReportReporter -->
<testsuite hostname="GABILAN-QA11L" failures="0" tests="4" name="com.instagram.qa.PageTest.HomePageTest" time="4.289" errors="0" timestamp="2023-05-19T11:18:10 IST" skipped="0">
  <testcase classname="com.instagram.qa.PageTest.HomePageTest" name="verifyHomePageTitleAndLogo" time="0.030"/>
  <system-out/>
  <testcase classname="com.instagram.qa.PageTest.HomePageTest" name="verifyUserName" time="0.041"/>
  <system-out/>
  <testcase classname="com.instagram.qa.PageTest.HomePageTest" name="verifyHomePagefirstPostLikeBtn" time="1.431"/>
  <system-out/>
  <testcase classname="com.instagram.qa.PageTest.HomePageTest" name="verifyScrollAndLikePost" time="2.787"/>
  <system-out/>
</testsuite> <!-- com.instagram.qa.PageTest.HomePageTest -->
