<?xml version="1.0" encoding="UTF-8"?>
<!-- Generated by org.testng.reporters.JUnitReportReporter -->
<testsuite hostname="LAPTOP-3N0HLSP8" failures="0" tests="5" name="com.instagram.qa.PageTest.HomePageTest" time="14.132" errors="0" timestamp="2023-06-14T18:54:55 IST" skipped="0">
  <testcase classname="com.instagram.qa.PageTest.HomePageTest" name="verifyHomePageTitleAndLogo" time="0.102"/>
  <system-out/>
  <testcase classname="com.instagram.qa.PageTest.HomePageTest" name="verifyUserName" time="0.078"/>
  <system-out/>
  <testcase classname="com.instagram.qa.PageTest.HomePageTest" name="verifyHomePagefirstPostLikeBtn" time="3.054"/>
  <system-out/>
  <testcase classname="com.instagram.qa.PageTest.HomePageTest" name="verifyScrollAndLikePost" time="5.666"/>
  <system-out/>
  <testcase classname="com.instagram.qa.PageTest.HomePageTest" name="verifyLogoutButtonTest" time="5.232"/>
  <system-out/>
</testsuite> <!-- com.instagram.qa.PageTest.HomePageTest -->
