<?xml version="1.0" encoding="UTF-8"?>
<!-- Generated by org.testng.reporters.JUnitReportReporter -->
<testsuite hostname="GABILAN-QA11L" failures="0" tests="2" name="com.instagram.qa.PageTest.ReelsPageTest" time="7.738" errors="0" timestamp="2023-06-14T17:44:35 IST" skipped="0">
  <testcase classname="com.instagram.qa.PageTest.ReelsPageTest" name="verifyLikeFirstReel" time="7.206"/>
  <system-out/>
  <testcase classname="com.instagram.qa.PageTest.ReelsPageTest" name="VerifytheScroolReels" time="0.532"/>
  <system-out/>
</testsuite> <!-- com.instagram.qa.PageTest.ReelsPageTest -->
