<?xml version="1.0" encoding="UTF-8"?>
<!-- Generated by org.testng.reporters.JUnitReportReporter -->
<testsuite hostname="LAPTOP-3N0HLSP8" failures="0" tests="1" name="com.instagram.qa.Tests.LoginPageTest" time="26.434" errors="0" timestamp="2023-05-02T23:08:42 IST" skipped="0">
  <testcase classname="com.instagram.qa.Tests.LoginPageTest" name="setup" time="26.434"/>
  <system-out/>
</testsuite> <!-- com.instagram.qa.Tests.LoginPageTest -->
