<?xml version="1.0" encoding="UTF-8"?>
<!-- Generated by org.testng.reporters.JUnitReportReporter -->
<testsuite hostname="LAPTOP-3N0HLSP8" failures="0" tests="2" name="com.instagram.qa.PageTest.ReelsPageTest" time="9.849" errors="0" timestamp="2023-05-26T10:28:04 IST" skipped="0">
  <testcase classname="com.instagram.qa.PageTest.ReelsPageTest" name="verifyLikeFirstReel" time="9.442"/>
  <system-out/>
  <testcase classname="com.instagram.qa.PageTest.ReelsPageTest" name="VerifytheScroolReels" time="0.407"/>
  <system-out/>
</testsuite> <!-- com.instagram.qa.PageTest.ReelsPageTest -->
