<?xml version="1.0" encoding="UTF-8"?>
<!-- Generated by org.testng.reporters.JUnitReportReporter -->
<testsuite hostname="GABILAN-QA11L" failures="0" tests="5" name="com.instagram.qa.PageTest.LoginPageTest" time="8.548" errors="0" timestamp="2023-06-14T15:20:59 IST" skipped="1">
  <testcase classname="com.instagram.qa.PageTest.LoginPageTest" name="verifyLoginPageTitleAndLogo" time="0.435"/>
  <system-out/>
  <testcase classname="com.instagram.qa.PageTest.LoginPageTest" name="verifyLoginPageGooglePlayLink" time="0.031"/>
  <system-out/>
  <testcase classname="com.instagram.qa.PageTest.LoginPageTest" name="verifyLoginPageMicrosoftLink" time="0.024"/>
  <system-out/>
  <testcase classname="com.instagram.qa.PageTest.LoginPageTest" name="verifyLoginAppWithValiedCredentials" time="8.058"/>
  <system-out/>
  <testcase classname="com.instagram.qa.PageTest.LoginPageTest" name="loginWithDifferentCrd">
    <skipped/>
  </testcase> <!-- loginWithDifferentCrd -->
  <system-out/>
</testsuite> <!-- com.instagram.qa.PageTest.LoginPageTest -->
