<?xml version="1.0" encoding="UTF-8"?>
<!-- Generated by org.testng.reporters.JUnitReportReporter -->
<<<<<<< HEAD
<testsuite hostname="LAPTOP-3N0HLSP8" failures="0" tests="2" name="com.instagram.qa.PageTest.ReelsPageTest" time="10.047" errors="0" timestamp="2023-06-14T18:54:55 IST" skipped="0">
  <testcase classname="com.instagram.qa.PageTest.ReelsPageTest" name="verifyLikeFirstReel" time="9.299"/>
  <system-out/>
  <testcase classname="com.instagram.qa.PageTest.ReelsPageTest" name="VerifytheScroolReels" time="0.748"/>
=======
<testsuite hostname="GABILAN-QA11L" failures="0" tests="2" name="com.instagram.qa.PageTest.ReelsPageTest" time="7.738" errors="0" timestamp="2023-06-14T17:44:35 IST" skipped="0">
  <testcase classname="com.instagram.qa.PageTest.ReelsPageTest" name="verifyLikeFirstReel" time="7.206"/>
  <system-out/>
  <testcase classname="com.instagram.qa.PageTest.ReelsPageTest" name="VerifytheScroolReels" time="0.532"/>
>>>>>>> 3de923bd10d21718c19f0c3561acddb82ab088ae
  <system-out/>
</testsuite> <!-- com.instagram.qa.PageTest.ReelsPageTest -->
