<?xml version="1.0" encoding="UTF-8"?>
<!-- Generated by org.testng.reporters.JUnitReportReporter -->
<testsuite hostname="LAPTOP-3N0HLSP8" failures="0" tests="1" name="com.instagram.qa.PageTest.ReelsPageTest" time="6.909" errors="0" timestamp="2023-05-18T13:15:38 IST" skipped="0">
  <testcase classname="com.instagram.qa.PageTest.ReelsPageTest" name="verifyLikeFirstReel" time="6.909"/>
  <system-out/>
</testsuite> <!-- com.instagram.qa.PageTest.ReelsPageTest -->
