<?xml version="1.0" encoding="UTF-8"?>
<!-- Generated by org.testng.reporters.JUnitReportReporter -->
<testsuite hostname="LAPTOP-3N0HLSP8" failures="0" tests="5" name="com.instagram.qa.PageTest.LoginPageTest" time="9.217" errors="0" timestamp="2023-05-26T10:28:04 IST" skipped="1">
  <testcase classname="com.instagram.qa.PageTest.LoginPageTest" name="verifyLoginPageTitleAndLogo" time="0.461"/>
  <system-out/>
  <testcase classname="com.instagram.qa.PageTest.LoginPageTest" name="verifyLoginPageGooglePlayLink" time="0.271"/>
  <system-out/>
  <testcase classname="com.instagram.qa.PageTest.LoginPageTest" name="verifyLoginPageMicrosoftLink" time="0.054"/>
  <system-out/>
  <testcase classname="com.instagram.qa.PageTest.LoginPageTest" name="verifyLoginAppWithValiedCredentials" time="8.431"/>
  <system-out/>
  <testcase classname="com.instagram.qa.PageTest.LoginPageTest" name="loginWithDifferentCrd">
    <skipped/>
  </testcase> <!-- loginWithDifferentCrd -->
  <system-out/>
</testsuite> <!-- com.instagram.qa.PageTest.LoginPageTest -->
