<?xml version="1.0" encoding="UTF-8"?>
<!-- Generated by org.testng.reporters.JUnitReportReporter -->
<testsuite hostname="GABILAN-QA11L" failures="1" tests="5" name="com.instagram.qa.PageTest.HomePageTest" time="22.153" errors="0" timestamp="2023-06-14T17:33:12 IST" skipped="0">
  <testcase classname="com.instagram.qa.PageTest.HomePageTest" name="verifyHomePageTitleAndLogo" time="0.041"/>
  <system-out/>
  <testcase classname="com.instagram.qa.PageTest.HomePageTest" name="verifyUserName" time="0.095"/>
  <system-out/>
  <testcase classname="com.instagram.qa.PageTest.HomePageTest" name="verifyHomePagefirstPostLikeBtn" time="13.243">
    <failure message="expected [rgb(255, 48, 64)] but found [rgb(38, 38, 38)]" type="java.lang.AssertionError">
      <![CDATA[java.lang.AssertionError: expected [rgb(255, 48, 64)] but found [rgb(38, 38, 38)]
at org.testng.Assert.fail(Assert.java:110)
at org.testng.Assert.failNotEquals(Assert.java:1577)
at org.testng.Assert.assertEqualsImpl(Assert.java:149)
at org.testng.Assert.assertEquals(Assert.java:131)
at org.testng.Assert.assertEquals(Assert.java:655)
at org.testng.Assert.assertEquals(Assert.java:665)
at com.instagram.qa.PageTest.HomePageTest.verifyHomePagefirstPostLikeBtn(HomePageTest.java:60)
at java.base/jdk.internal.reflect.NativeMethodAccessorImpl.invoke0(Native Method)
at java.base/jdk.internal.reflect.NativeMethodAccessorImpl.invoke(NativeMethodAccessorImpl.java:77)
at java.base/jdk.internal.reflect.DelegatingMethodAccessorImpl.invoke(DelegatingMethodAccessorImpl.java:43)
at java.base/java.lang.reflect.Method.invoke(Method.java:568)
at org.testng.internal.invokers.MethodInvocationHelper.invokeMethod(MethodInvocationHelper.java:139)
at org.testng.internal.invokers.TestInvoker.invokeMethod(TestInvoker.java:677)
at org.testng.internal.invokers.TestInvoker.invokeTestMethod(TestInvoker.java:221)
at org.testng.internal.invokers.MethodRunner.runInSequence(MethodRunner.java:50)
at org.testng.internal.invokers.TestInvoker$MethodInvocationAgent.invoke(TestInvoker.java:969)
at org.testng.internal.invokers.TestInvoker.invokeTestMethods(TestInvoker.java:194)
at org.testng.internal.invokers.TestMethodWorker.invokeTestMethods(TestMethodWorker.java:148)
at org.testng.internal.invokers.TestMethodWorker.run(TestMethodWorker.java:128)
at java.base/java.util.ArrayList.forEach(ArrayList.java:1511)
at org.testng.TestRunner.privateRun(TestRunner.java:829)
at org.testng.TestRunner.run(TestRunner.java:602)
at org.testng.SuiteRunner.runTest(SuiteRunner.java:437)
at org.testng.SuiteRunner.runSequentially(SuiteRunner.java:431)
at org.testng.SuiteRunner.privateRun(SuiteRunner.java:391)
at org.testng.SuiteRunner.run(SuiteRunner.java:330)
at org.testng.SuiteRunnerWorker.runSuite(SuiteRunnerWorker.java:52)
at org.testng.SuiteRunnerWorker.run(SuiteRunnerWorker.java:95)
at org.testng.TestNG.runSuitesSequentially(TestNG.java:1256)
at org.testng.TestNG.runSuitesLocally(TestNG.java:1176)
at org.testng.TestNG.runSuites(TestNG.java:1099)
at org.testng.TestNG.run(TestNG.java:1067)
at org.testng.remote.AbstractRemoteTestNG.run(AbstractRemoteTestNG.java:115)
at org.testng.remote.RemoteTestNG.initAndRun(RemoteTestNG.java:251)
at org.testng.remote.RemoteTestNG.main(RemoteTestNG.java:77)
]]>
    </failure>
  </testcase> <!-- verifyHomePagefirstPostLikeBtn -->
  <system-out/>
  <testcase classname="com.instagram.qa.PageTest.HomePageTest" name="verifyScrollAndLikePost" time="5.292"/>
  <system-out/>
  <testcase classname="com.instagram.qa.PageTest.HomePageTest" name="verifyLogoutButtonTest" time="3.482"/>
  <system-out/>
</testsuite> <!-- com.instagram.qa.PageTest.HomePageTest -->
