<?xml version="1.0" encoding="UTF-8"?>
<!-- Generated by org.testng.reporters.JUnitReportReporter -->
<testsuite hostname="LAPTOP-3N0HLSP8" failures="0" tests="2" name="com.instagram.qa.PageTest.CreatPageTest" time="12.254" errors="0" timestamp="2023-05-26T12:07:48 IST" skipped="0">
  <testcase classname="com.instagram.qa.PageTest.CreatPageTest" name="verifyCreatPageLabel" time="0.562"/>
  <system-out/>
  <testcase classname="com.instagram.qa.PageTest.CreatPageTest" name="verifyfileUploadInstagaram" time="11.692"/>
  <system-out/>
</testsuite> <!-- com.instagram.qa.PageTest.CreatPageTest -->
