<?xml version="1.0" encoding="UTF-8"?>
<!-- Generated by org.testng.reporters.JUnitReportReporter -->
<testsuite hostname="LAPTOP-3N0HLSP8" failures="0" tests="5" name="com.instagram.qa.PageTest.LoginPageTest" time="11.249" errors="0" timestamp="2023-05-18T13:15:38 IST" skipped="1">
  <testcase classname="com.instagram.qa.PageTest.LoginPageTest" name="verifyLoginPageTitleAndLogo" time="0.535"/>
  <system-out/>
  <testcase classname="com.instagram.qa.PageTest.LoginPageTest" name="verifyLoginPageGooglePlayLink" time="0.160"/>
  <system-out/>
  <testcase classname="com.instagram.qa.PageTest.LoginPageTest" name="verifyLoginPageMicrosoftLink" time="0.067"/>
  <system-out/>
  <testcase classname="com.instagram.qa.PageTest.LoginPageTest" name="verifyLoginAppWithValiedCredentials" time="10.487"/>
  <system-out/>
  <testcase classname="com.instagram.qa.PageTest.LoginPageTest" name="loginWithDifferentCrd">
    <skipped/>
  </testcase> <!-- loginWithDifferentCrd -->
  <system-out/>
</testsuite> <!-- com.instagram.qa.PageTest.LoginPageTest -->
