<?xml version="1.0" encoding="UTF-8"?>
<!-- Generated by org.testng.reporters.JUnitReportReporter -->
<testsuite hostname="LAPTOP-3N0HLSP8" failures="0" tests="1" name="com.instagram.qa.PageTest.CreatPageTest" time="0.651" errors="0" timestamp="2023-06-16T07:47:22 IST" skipped="0">
  <testcase classname="com.instagram.qa.PageTest.CreatPageTest" name="verifyCreatPageLabel" time="0.651"/>
  <system-out/>
</testsuite> <!-- com.instagram.qa.PageTest.CreatPageTest -->
