<?xml version="1.0" encoding="UTF-8"?>
<!-- Generated by org.testng.reporters.JUnitReportReporter -->
<testsuite hostname="GABILAN-QA11L" failures="0" tests="5" name="com.instagram.qa.PageTest.LoginPageTest" time="8.924" errors="0" timestamp="2023-05-22T15:09:27 IST" skipped="1">
  <testcase classname="com.instagram.qa.PageTest.LoginPageTest" name="verifyLoginPageTitleAndLogo" time="0.629"/>
  <system-out/>
  <testcase classname="com.instagram.qa.PageTest.LoginPageTest" name="verifyLoginPageGooglePlayLink" time="0.061"/>
  <system-out/>
  <testcase classname="com.instagram.qa.PageTest.LoginPageTest" name="verifyLoginPageMicrosoftLink" time="0.060"/>
  <system-out/>
  <testcase classname="com.instagram.qa.PageTest.LoginPageTest" name="verifyLoginAppWithValiedCredentials" time="8.174"/>
  <system-out/>
  <testcase classname="com.instagram.qa.PageTest.LoginPageTest" name="loginWithDifferentCrd">
    <skipped/>
  </testcase> <!-- loginWithDifferentCrd -->
  <system-out/>
</testsuite> <!-- com.instagram.qa.PageTest.LoginPageTest -->
