<?xml version="1.0" encoding="UTF-8"?>
<!-- Generated by org.testng.reporters.JUnitReportReporter -->
<testsuite hostname="LAPTOP-3N0HLSP8" failures="0" tests="2" name="com.instagram.qa.PageTest.ReelsPageTest" time="13.735" errors="0" timestamp="2023-06-13T11:24:35 IST" skipped="0">
  <testcase classname="com.instagram.qa.PageTest.ReelsPageTest" name="verifyLikeFirstReel" time="12.689"/>
  <system-out/>
  <testcase classname="com.instagram.qa.PageTest.ReelsPageTest" name="VerifytheScroolReels" time="1.046"/>
  <system-out/>
</testsuite> <!-- com.instagram.qa.PageTest.ReelsPageTest -->
